2024-04-03 02:52:31,113 INFO    StreamThr :18148 [internal.py:wandb_internal():86] W&B internal server running at pid: 18148, started at: 2024-04-03 02:52:31.111648
2024-04-03 02:52:31,115 DEBUG   HandlerThread:18148 [handler.py:handle_request():146] handle_request: status
2024-04-03 02:52:31,119 INFO    WriterThread:18148 [datastore.py:open_for_write():87] open: D:\Thesis\Pytorch-UNet-master\Pytorch-UNet-master\wandb\run-20240403_025231-3xjbyrug\run-3xjbyrug.wandb
2024-04-03 02:52:31,121 DEBUG   SenderThread:18148 [sender.py:send():379] send: header
2024-04-03 02:52:31,122 DEBUG   SenderThread:18148 [sender.py:send():379] send: run
2024-04-03 02:52:31,124 INFO    SenderThread:18148 [sender.py:_setup_resume():749] checking resume status for None/U-Net/3xjbyrug
2024-04-03 02:52:36,172 DEBUG   HandlerThread:18148 [handler.py:handle_request():146] handle_request: keepalive
2024-04-03 02:52:40,519 INFO    SenderThread:18148 [retry.py:__call__():172] Retry attempt failed:
Traceback (most recent call last):
  File "C:\Users\IamNa\AppData\Local\Programs\Python\Python312\Lib\site-packages\urllib3\connection.py", line 198, in _new_conn
    sock = connection.create_connection(
           ^^^^^^^^^^^^^^^^^^^^^^^^^^^^^
  File "C:\Users\IamNa\AppData\Local\Programs\Python\Python312\Lib\site-packages\urllib3\util\connection.py", line 85, in create_connection
    raise err
  File "C:\Users\IamNa\AppData\Local\Programs\Python\Python312\Lib\site-packages\urllib3\util\connection.py", line 73, in create_connection
    sock.connect(sa)
ConnectionRefusedError: [WinError 10061] No connection could be made because the target machine actively refused it

The above exception was the direct cause of the following exception:

Traceback (most recent call last):
  File "C:\Users\IamNa\AppData\Local\Programs\Python\Python312\Lib\site-packages\urllib3\connectionpool.py", line 779, in urlopen
    self._prepare_proxy(conn)
  File "C:\Users\IamNa\AppData\Local\Programs\Python\Python312\Lib\site-packages\urllib3\connectionpool.py", line 1048, in _prepare_proxy
    conn.connect()
  File "C:\Users\IamNa\AppData\Local\Programs\Python\Python312\Lib\site-packages\urllib3\connection.py", line 616, in connect
    self.sock = sock = self._new_conn()
                       ^^^^^^^^^^^^^^^^
  File "C:\Users\IamNa\AppData\Local\Programs\Python\Python312\Lib\site-packages\urllib3\connection.py", line 213, in _new_conn
    raise NewConnectionError(
urllib3.exceptions.NewConnectionError: <urllib3.connection.HTTPSConnection object at 0x000001EA897BB8C0>: Failed to establish a new connection: [WinError 10061] No connection could be made because the target machine actively refused it

The above exception was the direct cause of the following exception:

urllib3.exceptions.ProxyError: ('Unable to connect to proxy', NewConnectionError('<urllib3.connection.HTTPSConnection object at 0x000001EA897BB8C0>: Failed to establish a new connection: [WinError 10061] No connection could be made because the target machine actively refused it'))

The above exception was the direct cause of the following exception:

Traceback (most recent call last):
  File "C:\Users\IamNa\AppData\Local\Programs\Python\Python312\Lib\site-packages\requests\adapters.py", line 486, in send
    resp = conn.urlopen(
           ^^^^^^^^^^^^^
  File "C:\Users\IamNa\AppData\Local\Programs\Python\Python312\Lib\site-packages\urllib3\connectionpool.py", line 847, in urlopen
    retries = retries.increment(
              ^^^^^^^^^^^^^^^^^^
  File "C:\Users\IamNa\AppData\Local\Programs\Python\Python312\Lib\site-packages\urllib3\util\retry.py", line 515, in increment
    raise MaxRetryError(_pool, url, reason) from reason  # type: ignore[arg-type]
    ^^^^^^^^^^^^^^^^^^^^^^^^^^^^^^^^^^^^^^^^^^^^^^^^^^^
urllib3.exceptions.MaxRetryError: HTTPSConnectionPool(host='api.wandb.ai', port=443): Max retries exceeded with url: /graphql (Caused by ProxyError('Unable to connect to proxy', NewConnectionError('<urllib3.connection.HTTPSConnection object at 0x000001EA897BB8C0>: Failed to establish a new connection: [WinError 10061] No connection could be made because the target machine actively refused it')))

During handling of the above exception, another exception occurred:

Traceback (most recent call last):
  File "C:\Users\IamNa\AppData\Local\Programs\Python\Python312\Lib\site-packages\wandb\sdk\lib\retry.py", line 131, in __call__
    result = self._call_fn(*args, **kwargs)
             ^^^^^^^^^^^^^^^^^^^^^^^^^^^^^^
  File "C:\Users\IamNa\AppData\Local\Programs\Python\Python312\Lib\site-packages\wandb\sdk\internal\internal_api.py", line 369, in execute
    return self.client.execute(*args, **kwargs)  # type: ignore
           ^^^^^^^^^^^^^^^^^^^^^^^^^^^^^^^^^^^^
  File "C:\Users\IamNa\AppData\Local\Programs\Python\Python312\Lib\site-packages\wandb\vendor\gql-0.2.0\wandb_gql\client.py", line 52, in execute
    result = self._get_result(document, *args, **kwargs)
             ^^^^^^^^^^^^^^^^^^^^^^^^^^^^^^^^^^^^^^^^^^^
  File "C:\Users\IamNa\AppData\Local\Programs\Python\Python312\Lib\site-packages\wandb\vendor\gql-0.2.0\wandb_gql\client.py", line 60, in _get_result
    return self.transport.execute(document, *args, **kwargs)
           ^^^^^^^^^^^^^^^^^^^^^^^^^^^^^^^^^^^^^^^^^^^^^^^^^
  File "C:\Users\IamNa\AppData\Local\Programs\Python\Python312\Lib\site-packages\wandb\sdk\lib\gql_request.py", line 58, in execute
    request = self.session.post(self.url, **post_args)
              ^^^^^^^^^^^^^^^^^^^^^^^^^^^^^^^^^^^^^^^^
  File "C:\Users\IamNa\AppData\Local\Programs\Python\Python312\Lib\site-packages\requests\sessions.py", line 637, in post
    return self.request("POST", url, data=data, json=json, **kwargs)
           ^^^^^^^^^^^^^^^^^^^^^^^^^^^^^^^^^^^^^^^^^^^^^^^^^^^^^^^^^
  File "C:\Users\IamNa\AppData\Local\Programs\Python\Python312\Lib\site-packages\requests\sessions.py", line 589, in request
    resp = self.send(prep, **send_kwargs)
           ^^^^^^^^^^^^^^^^^^^^^^^^^^^^^^
  File "C:\Users\IamNa\AppData\Local\Programs\Python\Python312\Lib\site-packages\requests\sessions.py", line 703, in send
    r = adapter.send(request, **kwargs)
        ^^^^^^^^^^^^^^^^^^^^^^^^^^^^^^^
  File "C:\Users\IamNa\AppData\Local\Programs\Python\Python312\Lib\site-packages\requests\adapters.py", line 513, in send
    raise ProxyError(e, request=request)
requests.exceptions.ProxyError: HTTPSConnectionPool(host='api.wandb.ai', port=443): Max retries exceeded with url: /graphql (Caused by ProxyError('Unable to connect to proxy', NewConnectionError('<urllib3.connection.HTTPSConnection object at 0x000001EA897BB8C0>: Failed to establish a new connection: [WinError 10061] No connection could be made because the target machine actively refused it')))
2024-04-03 02:52:41,231 DEBUG   HandlerThread:18148 [handler.py:handle_request():146] handle_request: keepalive
2024-04-03 02:52:46,274 DEBUG   HandlerThread:18148 [handler.py:handle_request():146] handle_request: keepalive
2024-04-03 02:52:51,306 DEBUG   HandlerThread:18148 [handler.py:handle_request():146] handle_request: keepalive
2024-04-03 02:52:56,363 DEBUG   HandlerThread:18148 [handler.py:handle_request():146] handle_request: keepalive
2024-04-03 02:53:01,422 DEBUG   HandlerThread:18148 [handler.py:handle_request():146] handle_request: keepalive
2024-04-03 02:53:06,480 DEBUG   HandlerThread:18148 [handler.py:handle_request():146] handle_request: keepalive
2024-04-03 02:53:11,505 DEBUG   HandlerThread:18148 [handler.py:handle_request():146] handle_request: keepalive
2024-04-03 02:53:16,550 DEBUG   HandlerThread:18148 [handler.py:handle_request():146] handle_request: keepalive
2024-04-03 02:53:21,592 DEBUG   HandlerThread:18148 [handler.py:handle_request():146] handle_request: keepalive
2024-04-03 02:53:26,634 DEBUG   HandlerThread:18148 [handler.py:handle_request():146] handle_request: keepalive
2024-04-03 02:53:31,686 DEBUG   HandlerThread:18148 [handler.py:handle_request():146] handle_request: keepalive
2024-04-03 02:53:36,737 DEBUG   HandlerThread:18148 [handler.py:handle_request():146] handle_request: keepalive
2024-04-03 02:53:41,787 DEBUG   HandlerThread:18148 [handler.py:handle_request():146] handle_request: keepalive
2024-04-03 02:53:46,843 DEBUG   HandlerThread:18148 [handler.py:handle_request():146] handle_request: keepalive
2024-04-03 02:53:51,851 DEBUG   HandlerThread:18148 [handler.py:handle_request():146] handle_request: keepalive
2024-04-03 02:53:56,899 DEBUG   HandlerThread:18148 [handler.py:handle_request():146] handle_request: keepalive
2024-04-03 02:54:00,417 INFO    SenderThread:18148 [dir_watcher.py:__init__():211] watching files in: D:\Thesis\Pytorch-UNet-master\Pytorch-UNet-master\wandb\run-20240403_025231-3xjbyrug\files
2024-04-03 02:54:00,418 INFO    SenderThread:18148 [sender.py:_start_run_threads():1124] run started: 3xjbyrug with start time 1712083951.115745
2024-04-03 02:54:00,418 DEBUG   HandlerThread:18148 [handler.py:handle_request():146] handle_request: status_report
2024-04-03 02:54:00,430 DEBUG   HandlerThread:18148 [handler.py:handle_request():146] handle_request: check_version
2024-04-03 02:54:00,430 DEBUG   SenderThread:18148 [sender.py:send_request():406] send_request: check_version
2024-04-03 02:54:01,846 DEBUG   HandlerThread:18148 [handler.py:handle_request():146] handle_request: run_start
2024-04-03 02:54:02,906 DEBUG   HandlerThread:18148 [system_info.py:__init__():26] System info init
2024-04-03 02:54:02,906 DEBUG   HandlerThread:18148 [system_info.py:__init__():41] System info init done
2024-04-03 02:54:02,906 INFO    HandlerThread:18148 [system_monitor.py:start():194] Starting system monitor
2024-04-03 02:54:02,907 INFO    SystemMonitor:18148 [system_monitor.py:_start():158] Starting system asset monitoring threads
2024-04-03 02:54:02,907 INFO    HandlerThread:18148 [system_monitor.py:probe():214] Collecting system info
2024-04-03 02:54:02,913 INFO    SystemMonitor:18148 [interfaces.py:start():190] Started cpu monitoring
2024-04-03 02:54:02,914 INFO    SystemMonitor:18148 [interfaces.py:start():190] Started disk monitoring
2024-04-03 02:54:02,915 INFO    SystemMonitor:18148 [interfaces.py:start():190] Started gpu monitoring
2024-04-03 02:54:02,923 INFO    SystemMonitor:18148 [interfaces.py:start():190] Started memory monitoring
2024-04-03 02:54:02,933 INFO    SystemMonitor:18148 [interfaces.py:start():190] Started network monitoring
2024-04-03 02:54:02,936 DEBUG   HandlerThread:18148 [system_info.py:probe():150] Probing system
2024-04-03 02:54:02,937 DEBUG   HandlerThread:18148 [gitlib.py:_init_repo():56] git repository is invalid
2024-04-03 02:54:02,937 DEBUG   HandlerThread:18148 [system_info.py:probe():198] Probing system done
2024-04-03 02:54:02,938 DEBUG   HandlerThread:18148 [system_monitor.py:probe():223] {'os': 'Windows-11-10.0.22631-SP0', 'python': '3.12.0', 'heartbeatAt': '2024-04-02T18:54:02.937601', 'startedAt': '2024-04-02T18:52:31.100389', 'docker': None, 'cuda': None, 'args': ('-e', '10'), 'state': 'running', 'program': 'D:\\Thesis\\Pytorch-UNet-master\\Pytorch-UNet-master\\train.py', 'codePathLocal': 'train.py', 'codePath': 'train.py', 'host': 'Naqi', 'username': 'IamNa', 'executable': 'C:\\Users\\IamNa\\AppData\\Local\\Programs\\Python\\Python312\\python.exe', 'cpu_count': 8, 'cpu_count_logical': 16, 'cpu_freq': {'current': 2304.0, 'min': 0.0, 'max': 2304.0}, 'cpu_freq_per_core': [{'current': 2304.0, 'min': 0.0, 'max': 2304.0}], 'disk': {'/': {'total': 292.96715545654297, 'used': 175.2287483215332}}, 'gpu': 'NVIDIA GeForce RTX 3060 Laptop GPU', 'gpu_count': 1, 'gpu_devices': [{'name': 'NVIDIA GeForce RTX 3060 Laptop GPU', 'memory_total': 6442450944}], 'memory': {'total': 15.747272491455078}}
2024-04-03 02:54:02,938 INFO    HandlerThread:18148 [system_monitor.py:probe():224] Finished collecting system info
2024-04-03 02:54:02,938 INFO    HandlerThread:18148 [system_monitor.py:probe():227] Publishing system info
2024-04-03 02:54:02,939 INFO    HandlerThread:18148 [system_monitor.py:probe():229] Finished publishing system info
2024-04-03 02:54:02,960 DEBUG   SenderThread:18148 [sender.py:send():379] send: files
2024-04-03 02:54:02,960 INFO    SenderThread:18148 [sender.py:_save_file():1390] saving file wandb-metadata.json with policy now
2024-04-03 02:54:03,233 DEBUG   HandlerThread:18148 [handler.py:handle_request():146] handle_request: python_packages
2024-04-03 02:54:03,233 DEBUG   SenderThread:18148 [sender.py:send_request():406] send_request: python_packages
2024-04-03 02:54:03,234 DEBUG   HandlerThread:18148 [handler.py:handle_request():146] handle_request: stop_status
2024-04-03 02:54:03,235 DEBUG   SenderThread:18148 [sender.py:send_request():406] send_request: stop_status
2024-04-03 02:54:03,236 DEBUG   HandlerThread:18148 [handler.py:handle_request():146] handle_request: internal_messages
2024-04-03 02:54:03,437 INFO    Thread-16 :18148 [dir_watcher.py:_on_file_created():271] file/dir created: D:\Thesis\Pytorch-UNet-master\Pytorch-UNet-master\wandb\run-20240403_025231-3xjbyrug\files\wandb-metadata.json
2024-04-03 02:54:03,438 INFO    Thread-16 :18148 [dir_watcher.py:_on_file_created():271] file/dir created: D:\Thesis\Pytorch-UNet-master\Pytorch-UNet-master\wandb\run-20240403_025231-3xjbyrug\files\requirements.txt
2024-04-03 02:54:04,701 DEBUG   SenderThread:18148 [sender.py:send():379] send: telemetry
2024-04-03 02:54:04,701 DEBUG   SenderThread:18148 [sender.py:send():379] send: config
2024-04-03 02:54:04,739 INFO    wandb-upload_0:18148 [upload_job.py:push():131] Uploaded file C:\Users\IamNa\AppData\Local\Temp\tmpt3t332nxwandb\28yo3wq9-wandb-metadata.json
2024-04-03 02:54:05,455 INFO    Thread-16 :18148 [dir_watcher.py:_on_file_created():271] file/dir created: D:\Thesis\Pytorch-UNet-master\Pytorch-UNet-master\wandb\run-20240403_025231-3xjbyrug\files\output.log
2024-04-03 02:54:05,734 DEBUG   HandlerThread:18148 [handler.py:handle_request():146] handle_request: status_report
2024-04-03 02:54:07,482 INFO    Thread-16 :18148 [dir_watcher.py:_on_file_modified():288] file/dir modified: D:\Thesis\Pytorch-UNet-master\Pytorch-UNet-master\wandb\run-20240403_025231-3xjbyrug\files\output.log
2024-04-03 02:54:10,792 DEBUG   HandlerThread:18148 [handler.py:handle_request():146] handle_request: status_report
2024-04-03 02:54:15,861 DEBUG   HandlerThread:18148 [handler.py:handle_request():146] handle_request: status_report
2024-04-03 02:54:16,213 DEBUG   HandlerThread:18148 [handler.py:handle_request():146] handle_request: partial_history
2024-04-03 02:54:16,221 DEBUG   SenderThread:18148 [sender.py:send():379] send: history
2024-04-03 02:54:16,221 DEBUG   SenderThread:18148 [sender.py:send_request():406] send_request: summary_record
2024-04-03 02:54:16,223 INFO    SenderThread:18148 [sender.py:_save_file():1390] saving file wandb-summary.json with policy end
2024-04-03 02:54:16,627 INFO    Thread-16 :18148 [dir_watcher.py:_on_file_created():271] file/dir created: D:\Thesis\Pytorch-UNet-master\Pytorch-UNet-master\wandb\run-20240403_025231-3xjbyrug\files\wandb-summary.json
2024-04-03 02:54:16,947 DEBUG   HandlerThread:18148 [handler.py:handle_request():146] handle_request: partial_history
2024-04-03 02:54:16,949 DEBUG   SenderThread:18148 [sender.py:send():379] send: history
2024-04-03 02:54:16,950 DEBUG   SenderThread:18148 [sender.py:send_request():406] send_request: summary_record
2024-04-03 02:54:16,950 INFO    SenderThread:18148 [sender.py:_save_file():1390] saving file wandb-summary.json with policy end
2024-04-03 02:54:17,582 DEBUG   HandlerThread:18148 [handler.py:handle_request():146] handle_request: partial_history
2024-04-03 02:54:17,583 DEBUG   SenderThread:18148 [sender.py:send():379] send: history
2024-04-03 02:54:17,584 DEBUG   SenderThread:18148 [sender.py:send_request():406] send_request: summary_record
2024-04-03 02:54:17,585 INFO    SenderThread:18148 [sender.py:_save_file():1390] saving file wandb-summary.json with policy end
2024-04-03 02:54:17,642 INFO    Thread-16 :18148 [dir_watcher.py:_on_file_modified():288] file/dir modified: D:\Thesis\Pytorch-UNet-master\Pytorch-UNet-master\wandb\run-20240403_025231-3xjbyrug\files\output.log
2024-04-03 02:54:17,643 INFO    Thread-16 :18148 [dir_watcher.py:_on_file_modified():288] file/dir modified: D:\Thesis\Pytorch-UNet-master\Pytorch-UNet-master\wandb\run-20240403_025231-3xjbyrug\files\wandb-summary.json
2024-04-03 02:54:18,236 DEBUG   HandlerThread:18148 [handler.py:handle_request():146] handle_request: stop_status
2024-04-03 02:54:18,237 DEBUG   SenderThread:18148 [sender.py:send_request():406] send_request: stop_status
2024-04-03 02:54:18,252 DEBUG   HandlerThread:18148 [handler.py:handle_request():146] handle_request: internal_messages
2024-04-03 02:54:18,353 DEBUG   HandlerThread:18148 [handler.py:handle_request():146] handle_request: partial_history
2024-04-03 02:54:19,231 DEBUG   SenderThread:18148 [sender.py:send():379] send: history
2024-04-03 02:54:19,231 DEBUG   SenderThread:18148 [sender.py:send_request():406] send_request: summary_record
2024-04-03 02:54:19,233 INFO    SenderThread:18148 [sender.py:_save_file():1390] saving file wandb-summary.json with policy end
2024-04-03 02:54:19,398 DEBUG   HandlerThread:18148 [handler.py:handle_request():146] handle_request: partial_history
2024-04-03 02:54:19,399 DEBUG   SenderThread:18148 [sender.py:send():379] send: history
2024-04-03 02:54:19,400 DEBUG   SenderThread:18148 [sender.py:send_request():406] send_request: summary_record
2024-04-03 02:54:19,401 INFO    SenderThread:18148 [sender.py:_save_file():1390] saving file wandb-summary.json with policy end
2024-04-03 02:54:19,666 INFO    Thread-16 :18148 [dir_watcher.py:_on_file_modified():288] file/dir modified: D:\Thesis\Pytorch-UNet-master\Pytorch-UNet-master\wandb\run-20240403_025231-3xjbyrug\files\output.log
2024-04-03 02:54:19,667 INFO    Thread-16 :18148 [dir_watcher.py:_on_file_modified():288] file/dir modified: D:\Thesis\Pytorch-UNet-master\Pytorch-UNet-master\wandb\run-20240403_025231-3xjbyrug\files\wandb-summary.json
2024-04-03 02:54:19,855 DEBUG   HandlerThread:18148 [handler.py:handle_request():146] handle_request: partial_history
2024-04-03 02:54:19,857 DEBUG   SenderThread:18148 [sender.py:send():379] send: history
2024-04-03 02:54:19,858 DEBUG   SenderThread:18148 [sender.py:send_request():406] send_request: summary_record
2024-04-03 02:54:19,859 INFO    SenderThread:18148 [sender.py:_save_file():1390] saving file wandb-summary.json with policy end
2024-04-03 02:54:20,510 DEBUG   HandlerThread:18148 [handler.py:handle_request():146] handle_request: partial_history
2024-04-03 02:54:20,513 DEBUG   SenderThread:18148 [sender.py:send():379] send: history
2024-04-03 02:54:20,514 DEBUG   SenderThread:18148 [sender.py:send_request():406] send_request: summary_record
2024-04-03 02:54:20,515 INFO    SenderThread:18148 [sender.py:_save_file():1390] saving file wandb-summary.json with policy end
2024-04-03 02:54:20,668 INFO    Thread-16 :18148 [dir_watcher.py:_on_file_modified():288] file/dir modified: D:\Thesis\Pytorch-UNet-master\Pytorch-UNet-master\wandb\run-20240403_025231-3xjbyrug\files\wandb-summary.json
2024-04-03 02:54:21,090 DEBUG   HandlerThread:18148 [handler.py:handle_request():146] handle_request: partial_history
2024-04-03 02:54:21,092 DEBUG   SenderThread:18148 [sender.py:send():379] send: history
2024-04-03 02:54:21,094 DEBUG   SenderThread:18148 [sender.py:send_request():406] send_request: summary_record
2024-04-03 02:54:21,094 DEBUG   HandlerThread:18148 [handler.py:handle_request():146] handle_request: status_report
2024-04-03 02:54:21,096 INFO    SenderThread:18148 [sender.py:_save_file():1390] saving file wandb-summary.json with policy end
2024-04-03 02:54:21,516 DEBUG   HandlerThread:18148 [handler.py:handle_request():146] handle_request: partial_history
2024-04-03 02:54:21,518 DEBUG   SenderThread:18148 [sender.py:send():379] send: history
2024-04-03 02:54:21,519 DEBUG   SenderThread:18148 [sender.py:send_request():406] send_request: summary_record
2024-04-03 02:54:21,520 INFO    SenderThread:18148 [sender.py:_save_file():1390] saving file wandb-summary.json with policy end
2024-04-03 02:54:21,669 INFO    Thread-16 :18148 [dir_watcher.py:_on_file_modified():288] file/dir modified: D:\Thesis\Pytorch-UNet-master\Pytorch-UNet-master\wandb\run-20240403_025231-3xjbyrug\files\output.log
2024-04-03 02:54:21,669 INFO    Thread-16 :18148 [dir_watcher.py:_on_file_modified():288] file/dir modified: D:\Thesis\Pytorch-UNet-master\Pytorch-UNet-master\wandb\run-20240403_025231-3xjbyrug\files\wandb-summary.json
2024-04-03 02:54:21,983 DEBUG   HandlerThread:18148 [handler.py:handle_request():146] handle_request: partial_history
2024-04-03 02:54:21,985 DEBUG   SenderThread:18148 [sender.py:send():379] send: history
2024-04-03 02:54:21,986 DEBUG   SenderThread:18148 [sender.py:send_request():406] send_request: summary_record
2024-04-03 02:54:21,987 INFO    SenderThread:18148 [sender.py:_save_file():1390] saving file wandb-summary.json with policy end
2024-04-03 02:54:22,632 DEBUG   HandlerThread:18148 [handler.py:handle_request():146] handle_request: partial_history
2024-04-03 02:54:22,633 DEBUG   SenderThread:18148 [sender.py:send():379] send: history
2024-04-03 02:54:22,634 DEBUG   SenderThread:18148 [sender.py:send_request():406] send_request: summary_record
2024-04-03 02:54:22,636 INFO    SenderThread:18148 [sender.py:_save_file():1390] saving file wandb-summary.json with policy end
2024-04-03 02:54:22,684 INFO    Thread-16 :18148 [dir_watcher.py:_on_file_modified():288] file/dir modified: D:\Thesis\Pytorch-UNet-master\Pytorch-UNet-master\wandb\run-20240403_025231-3xjbyrug\files\wandb-summary.json
2024-04-03 02:54:22,968 DEBUG   HandlerThread:18148 [handler.py:handle_request():146] handle_request: partial_history
2024-04-03 02:54:22,969 DEBUG   SenderThread:18148 [sender.py:send():379] send: history
2024-04-03 02:54:22,970 DEBUG   SenderThread:18148 [sender.py:send_request():406] send_request: summary_record
2024-04-03 02:54:22,971 INFO    SenderThread:18148 [sender.py:_save_file():1390] saving file wandb-summary.json with policy end
2024-04-03 02:54:23,693 INFO    Thread-16 :18148 [dir_watcher.py:_on_file_modified():288] file/dir modified: D:\Thesis\Pytorch-UNet-master\Pytorch-UNet-master\wandb\run-20240403_025231-3xjbyrug\files\output.log
2024-04-03 02:54:23,693 INFO    Thread-16 :18148 [dir_watcher.py:_on_file_modified():288] file/dir modified: D:\Thesis\Pytorch-UNet-master\Pytorch-UNet-master\wandb\run-20240403_025231-3xjbyrug\files\wandb-summary.json
2024-04-03 02:54:25,711 INFO    Thread-16 :18148 [dir_watcher.py:_on_file_modified():288] file/dir modified: D:\Thesis\Pytorch-UNet-master\Pytorch-UNet-master\wandb\run-20240403_025231-3xjbyrug\files\output.log
2024-04-03 02:54:26,651 DEBUG   HandlerThread:18148 [handler.py:handle_request():146] handle_request: status_report
2024-04-03 02:54:27,746 INFO    Thread-16 :18148 [dir_watcher.py:_on_file_modified():288] file/dir modified: D:\Thesis\Pytorch-UNet-master\Pytorch-UNet-master\wandb\run-20240403_025231-3xjbyrug\files\output.log
2024-04-03 02:54:31,798 INFO    Thread-16 :18148 [dir_watcher.py:_on_file_modified():288] file/dir modified: D:\Thesis\Pytorch-UNet-master\Pytorch-UNet-master\wandb\run-20240403_025231-3xjbyrug\files\output.log
2024-04-03 02:54:31,829 DEBUG   HandlerThread:18148 [handler.py:handle_request():146] handle_request: status_report
2024-04-03 02:54:32,603 DEBUG   SenderThread:18148 [sender.py:send():379] send: exit
2024-04-03 02:54:32,603 INFO    SenderThread:18148 [sender.py:send_exit():586] handling exit code: 1
2024-04-03 02:54:32,604 INFO    SenderThread:18148 [sender.py:send_exit():588] handling runtime: 30
2024-04-03 02:54:32,605 INFO    SenderThread:18148 [sender.py:_save_file():1390] saving file wandb-summary.json with policy end
2024-04-03 02:54:32,606 INFO    SenderThread:18148 [sender.py:send_exit():594] send defer
2024-04-03 02:54:32,606 DEBUG   HandlerThread:18148 [handler.py:handle_request():146] handle_request: defer
2024-04-03 02:54:32,606 INFO    HandlerThread:18148 [handler.py:handle_request_defer():172] handle defer: 0
2024-04-03 02:54:32,607 DEBUG   SenderThread:18148 [sender.py:send_request():406] send_request: defer
2024-04-03 02:54:32,607 INFO    SenderThread:18148 [sender.py:send_request_defer():610] handle sender defer: 0
2024-04-03 02:54:32,607 INFO    SenderThread:18148 [sender.py:transition_state():614] send defer: 1
2024-04-03 02:54:32,607 DEBUG   HandlerThread:18148 [handler.py:handle_request():146] handle_request: defer
2024-04-03 02:54:32,608 INFO    HandlerThread:18148 [handler.py:handle_request_defer():172] handle defer: 1
2024-04-03 02:54:32,608 DEBUG   SenderThread:18148 [sender.py:send_request():406] send_request: defer
2024-04-03 02:54:32,609 INFO    SenderThread:18148 [sender.py:send_request_defer():610] handle sender defer: 1
2024-04-03 02:54:32,609 INFO    SenderThread:18148 [sender.py:transition_state():614] send defer: 2
2024-04-03 02:54:32,609 DEBUG   HandlerThread:18148 [handler.py:handle_request():146] handle_request: defer
2024-04-03 02:54:32,609 INFO    HandlerThread:18148 [handler.py:handle_request_defer():172] handle defer: 2
2024-04-03 02:54:32,609 INFO    HandlerThread:18148 [system_monitor.py:finish():203] Stopping system monitor
2024-04-03 02:54:32,610 DEBUG   SystemMonitor:18148 [system_monitor.py:_start():172] Starting system metrics aggregation loop
2024-04-03 02:54:32,611 INFO    HandlerThread:18148 [interfaces.py:finish():202] Joined cpu monitor
2024-04-03 02:54:32,611 DEBUG   SystemMonitor:18148 [system_monitor.py:_start():179] Finished system metrics aggregation loop
2024-04-03 02:54:32,626 INFO    HandlerThread:18148 [interfaces.py:finish():202] Joined disk monitor
2024-04-03 02:54:32,627 DEBUG   SystemMonitor:18148 [system_monitor.py:_start():183] Publishing last batch of metrics
2024-04-03 02:54:32,715 INFO    HandlerThread:18148 [interfaces.py:finish():202] Joined gpu monitor
2024-04-03 02:54:32,715 INFO    HandlerThread:18148 [interfaces.py:finish():202] Joined memory monitor
2024-04-03 02:54:32,716 INFO    HandlerThread:18148 [interfaces.py:finish():202] Joined network monitor
2024-04-03 02:54:32,717 DEBUG   SenderThread:18148 [sender.py:send_request():406] send_request: defer
2024-04-03 02:54:32,717 INFO    SenderThread:18148 [sender.py:send_request_defer():610] handle sender defer: 2
2024-04-03 02:54:32,717 INFO    SenderThread:18148 [sender.py:transition_state():614] send defer: 3
2024-04-03 02:54:32,717 DEBUG   SenderThread:18148 [sender.py:send():379] send: stats
2024-04-03 02:54:32,718 DEBUG   HandlerThread:18148 [handler.py:handle_request():146] handle_request: defer
2024-04-03 02:54:32,719 INFO    HandlerThread:18148 [handler.py:handle_request_defer():172] handle defer: 3
2024-04-03 02:54:32,719 DEBUG   SenderThread:18148 [sender.py:send_request():406] send_request: defer
2024-04-03 02:54:32,719 INFO    SenderThread:18148 [sender.py:send_request_defer():610] handle sender defer: 3
2024-04-03 02:54:32,720 INFO    SenderThread:18148 [sender.py:transition_state():614] send defer: 4
2024-04-03 02:54:32,720 DEBUG   HandlerThread:18148 [handler.py:handle_request():146] handle_request: defer
2024-04-03 02:54:32,720 INFO    HandlerThread:18148 [handler.py:handle_request_defer():172] handle defer: 4
2024-04-03 02:54:32,721 DEBUG   SenderThread:18148 [sender.py:send_request():406] send_request: defer
2024-04-03 02:54:32,721 INFO    SenderThread:18148 [sender.py:send_request_defer():610] handle sender defer: 4
2024-04-03 02:54:32,721 INFO    SenderThread:18148 [sender.py:transition_state():614] send defer: 5
2024-04-03 02:54:32,722 DEBUG   HandlerThread:18148 [handler.py:handle_request():146] handle_request: defer
2024-04-03 02:54:32,722 INFO    HandlerThread:18148 [handler.py:handle_request_defer():172] handle defer: 5
2024-04-03 02:54:32,722 DEBUG   SenderThread:18148 [sender.py:send():379] send: summary
2024-04-03 02:54:32,723 INFO    SenderThread:18148 [sender.py:_save_file():1390] saving file wandb-summary.json with policy end
2024-04-03 02:54:32,724 DEBUG   SenderThread:18148 [sender.py:send_request():406] send_request: defer
2024-04-03 02:54:32,724 INFO    SenderThread:18148 [sender.py:send_request_defer():610] handle sender defer: 5
2024-04-03 02:54:32,725 INFO    SenderThread:18148 [sender.py:transition_state():614] send defer: 6
2024-04-03 02:54:32,725 DEBUG   HandlerThread:18148 [handler.py:handle_request():146] handle_request: defer
2024-04-03 02:54:32,725 INFO    HandlerThread:18148 [handler.py:handle_request_defer():172] handle defer: 6
2024-04-03 02:54:32,726 DEBUG   SenderThread:18148 [sender.py:send_request():406] send_request: defer
2024-04-03 02:54:32,726 INFO    SenderThread:18148 [sender.py:send_request_defer():610] handle sender defer: 6
2024-04-03 02:54:32,726 INFO    SenderThread:18148 [sender.py:transition_state():614] send defer: 7
2024-04-03 02:54:32,726 DEBUG   HandlerThread:18148 [handler.py:handle_request():146] handle_request: status_report
2024-04-03 02:54:32,727 DEBUG   HandlerThread:18148 [handler.py:handle_request():146] handle_request: defer
2024-04-03 02:54:32,727 INFO    HandlerThread:18148 [handler.py:handle_request_defer():172] handle defer: 7
2024-04-03 02:54:32,728 DEBUG   SenderThread:18148 [sender.py:send_request():406] send_request: defer
2024-04-03 02:54:32,728 INFO    SenderThread:18148 [sender.py:send_request_defer():610] handle sender defer: 7
2024-04-03 02:54:32,801 INFO    Thread-16 :18148 [dir_watcher.py:_on_file_modified():288] file/dir modified: D:\Thesis\Pytorch-UNet-master\Pytorch-UNet-master\wandb\run-20240403_025231-3xjbyrug\files\config.yaml
2024-04-03 02:54:32,802 INFO    Thread-16 :18148 [dir_watcher.py:_on_file_modified():288] file/dir modified: D:\Thesis\Pytorch-UNet-master\Pytorch-UNet-master\wandb\run-20240403_025231-3xjbyrug\files\wandb-summary.json
2024-04-03 02:54:32,827 INFO    SenderThread:18148 [sender.py:transition_state():614] send defer: 8
2024-04-03 02:54:32,828 DEBUG   HandlerThread:18148 [handler.py:handle_request():146] handle_request: defer
2024-04-03 02:54:32,828 INFO    HandlerThread:18148 [handler.py:handle_request_defer():172] handle defer: 8
2024-04-03 02:54:32,829 DEBUG   SenderThread:18148 [sender.py:send_request():406] send_request: defer
2024-04-03 02:54:32,829 INFO    SenderThread:18148 [sender.py:send_request_defer():610] handle sender defer: 8
2024-04-03 02:54:32,829 INFO    SenderThread:18148 [job_builder.py:build():318] Attempting to build job artifact
2024-04-03 02:54:32,830 INFO    SenderThread:18148 [job_builder.py:_get_source_type():466] no source found
2024-04-03 02:54:32,830 INFO    SenderThread:18148 [sender.py:transition_state():614] send defer: 9
2024-04-03 02:54:32,830 DEBUG   HandlerThread:18148 [handler.py:handle_request():146] handle_request: defer
2024-04-03 02:54:32,831 INFO    HandlerThread:18148 [handler.py:handle_request_defer():172] handle defer: 9
2024-04-03 02:54:32,831 DEBUG   SenderThread:18148 [sender.py:send_request():406] send_request: defer
2024-04-03 02:54:32,831 INFO    SenderThread:18148 [sender.py:send_request_defer():610] handle sender defer: 9
2024-04-03 02:54:32,832 INFO    SenderThread:18148 [dir_watcher.py:finish():358] shutting down directory watcher
2024-04-03 02:54:33,617 DEBUG   HandlerThread:18148 [handler.py:handle_request():146] handle_request: poll_exit
2024-04-03 02:54:33,807 INFO    SenderThread:18148 [dir_watcher.py:_on_file_modified():288] file/dir modified: D:\Thesis\Pytorch-UNet-master\Pytorch-UNet-master\wandb\run-20240403_025231-3xjbyrug\files\output.log
2024-04-03 02:54:33,807 INFO    SenderThread:18148 [dir_watcher.py:finish():388] scan: D:\Thesis\Pytorch-UNet-master\Pytorch-UNet-master\wandb\run-20240403_025231-3xjbyrug\files
2024-04-03 02:54:33,808 INFO    SenderThread:18148 [dir_watcher.py:finish():402] scan save: D:\Thesis\Pytorch-UNet-master\Pytorch-UNet-master\wandb\run-20240403_025231-3xjbyrug\files\config.yaml config.yaml
2024-04-03 02:54:33,808 INFO    SenderThread:18148 [dir_watcher.py:finish():402] scan save: D:\Thesis\Pytorch-UNet-master\Pytorch-UNet-master\wandb\run-20240403_025231-3xjbyrug\files\output.log output.log
2024-04-03 02:54:33,815 INFO    SenderThread:18148 [dir_watcher.py:finish():402] scan save: D:\Thesis\Pytorch-UNet-master\Pytorch-UNet-master\wandb\run-20240403_025231-3xjbyrug\files\requirements.txt requirements.txt
2024-04-03 02:54:33,819 INFO    SenderThread:18148 [dir_watcher.py:finish():402] scan save: D:\Thesis\Pytorch-UNet-master\Pytorch-UNet-master\wandb\run-20240403_025231-3xjbyrug\files\wandb-metadata.json wandb-metadata.json
2024-04-03 02:54:33,820 INFO    SenderThread:18148 [dir_watcher.py:finish():402] scan save: D:\Thesis\Pytorch-UNet-master\Pytorch-UNet-master\wandb\run-20240403_025231-3xjbyrug\files\wandb-summary.json wandb-summary.json
2024-04-03 02:54:33,827 INFO    SenderThread:18148 [sender.py:transition_state():614] send defer: 10
2024-04-03 02:54:33,827 DEBUG   SenderThread:18148 [sender.py:send_request():406] send_request: poll_exit
2024-04-03 02:54:33,828 DEBUG   HandlerThread:18148 [handler.py:handle_request():146] handle_request: defer
2024-04-03 02:54:33,829 INFO    HandlerThread:18148 [handler.py:handle_request_defer():172] handle defer: 10
2024-04-03 02:54:33,833 DEBUG   SenderThread:18148 [sender.py:send_request():406] send_request: defer
2024-04-03 02:54:33,834 INFO    SenderThread:18148 [sender.py:send_request_defer():610] handle sender defer: 10
2024-04-03 02:54:33,834 INFO    SenderThread:18148 [file_pusher.py:finish():172] shutting down file pusher
2024-04-03 02:54:34,473 INFO    wandb-upload_0:18148 [upload_job.py:push():131] Uploaded file D:\Thesis\Pytorch-UNet-master\Pytorch-UNet-master\wandb\run-20240403_025231-3xjbyrug\files\config.yaml
2024-04-03 02:54:34,623 DEBUG   HandlerThread:18148 [handler.py:handle_request():146] handle_request: poll_exit
2024-04-03 02:54:34,623 DEBUG   SenderThread:18148 [sender.py:send_request():406] send_request: poll_exit
2024-04-03 02:54:35,626 DEBUG   HandlerThread:18148 [handler.py:handle_request():146] handle_request: poll_exit
2024-04-03 02:54:35,627 DEBUG   SenderThread:18148 [sender.py:send_request():406] send_request: poll_exit
2024-04-03 02:54:35,812 INFO    wandb-upload_1:18148 [upload_job.py:push():131] Uploaded file D:\Thesis\Pytorch-UNet-master\Pytorch-UNet-master\wandb\run-20240403_025231-3xjbyrug\files\output.log
2024-04-03 02:54:35,935 INFO    wandb-upload_2:18148 [upload_job.py:push():131] Uploaded file D:\Thesis\Pytorch-UNet-master\Pytorch-UNet-master\wandb\run-20240403_025231-3xjbyrug\files\requirements.txt
2024-04-03 02:54:36,634 DEBUG   HandlerThread:18148 [handler.py:handle_request():146] handle_request: poll_exit
2024-04-03 02:54:36,635 DEBUG   SenderThread:18148 [sender.py:send_request():406] send_request: poll_exit
2024-04-03 02:54:37,055 INFO    wandb-upload_3:18148 [upload_job.py:push():131] Uploaded file D:\Thesis\Pytorch-UNet-master\Pytorch-UNet-master\wandb\run-20240403_025231-3xjbyrug\files\wandb-summary.json
2024-04-03 02:54:37,267 INFO    Thread-15 (_thread_body):18148 [sender.py:transition_state():614] send defer: 11
2024-04-03 02:54:37,268 DEBUG   HandlerThread:18148 [handler.py:handle_request():146] handle_request: defer
2024-04-03 02:54:37,268 INFO    HandlerThread:18148 [handler.py:handle_request_defer():172] handle defer: 11
2024-04-03 02:54:37,268 DEBUG   SenderThread:18148 [sender.py:send_request():406] send_request: defer
2024-04-03 02:54:37,269 INFO    SenderThread:18148 [sender.py:send_request_defer():610] handle sender defer: 11
2024-04-03 02:54:37,269 INFO    SenderThread:18148 [file_pusher.py:join():178] waiting for file pusher
2024-04-03 02:54:37,270 INFO    SenderThread:18148 [sender.py:transition_state():614] send defer: 12
2024-04-03 02:54:37,270 DEBUG   HandlerThread:18148 [handler.py:handle_request():146] handle_request: defer
2024-04-03 02:54:37,271 INFO    HandlerThread:18148 [handler.py:handle_request_defer():172] handle defer: 12
2024-04-03 02:54:37,271 DEBUG   SenderThread:18148 [sender.py:send_request():406] send_request: defer
2024-04-03 02:54:37,271 INFO    SenderThread:18148 [sender.py:send_request_defer():610] handle sender defer: 12
2024-04-03 02:54:37,271 INFO    SenderThread:18148 [file_stream.py:finish():614] file stream finish called
2024-04-03 02:54:37,643 DEBUG   HandlerThread:18148 [handler.py:handle_request():146] handle_request: poll_exit
2024-04-03 02:54:37,977 INFO    SenderThread:18148 [file_stream.py:finish():618] file stream finish is done
2024-04-03 02:54:37,977 INFO    SenderThread:18148 [sender.py:transition_state():614] send defer: 13
2024-04-03 02:54:37,977 DEBUG   SenderThread:18148 [sender.py:send_request():406] send_request: poll_exit
2024-04-03 02:54:37,977 DEBUG   HandlerThread:18148 [handler.py:handle_request():146] handle_request: defer
2024-04-03 02:54:37,978 INFO    HandlerThread:18148 [handler.py:handle_request_defer():172] handle defer: 13
2024-04-03 02:54:37,979 DEBUG   SenderThread:18148 [sender.py:send_request():406] send_request: defer
2024-04-03 02:54:37,979 INFO    SenderThread:18148 [sender.py:send_request_defer():610] handle sender defer: 13
2024-04-03 02:54:37,979 INFO    SenderThread:18148 [sender.py:transition_state():614] send defer: 14
2024-04-03 02:54:37,979 DEBUG   HandlerThread:18148 [handler.py:handle_request():146] handle_request: defer
2024-04-03 02:54:37,980 INFO    HandlerThread:18148 [handler.py:handle_request_defer():172] handle defer: 14
2024-04-03 02:54:37,980 DEBUG   SenderThread:18148 [sender.py:send():379] send: final
2024-04-03 02:54:37,981 DEBUG   SenderThread:18148 [sender.py:send():379] send: footer
2024-04-03 02:54:37,981 DEBUG   SenderThread:18148 [sender.py:send_request():406] send_request: defer
2024-04-03 02:54:37,981 INFO    SenderThread:18148 [sender.py:send_request_defer():610] handle sender defer: 14
2024-04-03 02:54:37,982 DEBUG   HandlerThread:18148 [handler.py:handle_request():146] handle_request: poll_exit
2024-04-03 02:54:37,983 DEBUG   HandlerThread:18148 [handler.py:handle_request():146] handle_request: poll_exit
2024-04-03 02:54:37,984 DEBUG   HandlerThread:18148 [handler.py:handle_request():146] handle_request: server_info
2024-04-03 02:54:37,984 DEBUG   SenderThread:18148 [sender.py:send_request():406] send_request: poll_exit
2024-04-03 02:54:37,985 DEBUG   HandlerThread:18148 [handler.py:handle_request():146] handle_request: get_summary
2024-04-03 02:54:37,985 DEBUG   SenderThread:18148 [sender.py:send_request():406] send_request: poll_exit
2024-04-03 02:54:37,986 DEBUG   HandlerThread:18148 [handler.py:handle_request():146] handle_request: sampled_history
2024-04-03 02:54:37,987 DEBUG   SenderThread:18148 [sender.py:send_request():406] send_request: server_info
2024-04-03 02:54:37,988 DEBUG   HandlerThread:18148 [handler.py:handle_request():146] handle_request: internal_messages
2024-04-03 02:54:38,188 INFO    MainThread:18148 [wandb_run.py:_footer_history_summary_info():3920] rendering history
2024-04-03 02:54:38,189 INFO    MainThread:18148 [wandb_run.py:_footer_history_summary_info():3952] rendering summary
2024-04-03 02:54:38,190 INFO    MainThread:18148 [wandb_run.py:_footer_sync_info():3879] logging synced files
2024-04-03 02:54:38,192 DEBUG   HandlerThread:18148 [handler.py:handle_request():146] handle_request: shutdown
2024-04-03 02:54:38,192 INFO    HandlerThread:18148 [handler.py:finish():866] shutting down handler
2024-04-03 02:54:39,005 INFO    WriterThread:18148 [datastore.py:close():296] close: D:\Thesis\Pytorch-UNet-master\Pytorch-UNet-master\wandb\run-20240403_025231-3xjbyrug\run-3xjbyrug.wandb
2024-04-03 02:54:39,201 INFO    SenderThread:18148 [sender.py:finish():1546] shutting down sender
2024-04-03 02:54:39,201 INFO    SenderThread:18148 [file_pusher.py:finish():172] shutting down file pusher
2024-04-03 02:54:39,201 INFO    SenderThread:18148 [file_pusher.py:join():178] waiting for file pusher
